

Started GET "/" for 127.0.0.1 at 2014-10-21 01:28:50 -0700

ActiveRecord::PendingMigrationError - 

Migrations are pending. To resolve this issue, run:

	bin/rake db:migrate RAILS_ENV=development

:
  activerecord (4.1.5) lib/active_record/migration.rb:389:in `check_pending!'
  activerecord (4.1.5) lib/active_record/migration.rb:377:in `call'
  actionpack (4.1.5) lib/action_dispatch/middleware/callbacks.rb:29:in `block in call'
  activesupport (4.1.5) lib/active_support/callbacks.rb:82:in `run_callbacks'
  actionpack (4.1.5) lib/action_dispatch/middleware/callbacks.rb:27:in `call'
  actionpack (4.1.5) lib/action_dispatch/middleware/reloader.rb:73:in `call'
  actionpack (4.1.5) lib/action_dispatch/middleware/remote_ip.rb:76:in `call'
  better_errors (1.1.0) lib/better_errors/middleware.rb:84:in `protected_app_call'
  better_errors (1.1.0) lib/better_errors/middleware.rb:79:in `better_errors_call'
  better_errors (1.1.0) lib/better_errors/middleware.rb:56:in `call'
  actionpack (4.1.5) lib/action_dispatch/middleware/debug_exceptions.rb:17:in `call'
  actionpack (4.1.5) lib/action_dispatch/middleware/show_exceptions.rb:30:in `call'
  railties (4.1.5) lib/rails/rack/logger.rb:38:in `call_app'
  railties (4.1.5) lib/rails/rack/logger.rb:20:in `block in call'
  activesupport (4.1.5) lib/active_support/tagged_logging.rb:68:in `block in tagged'
  activesupport (4.1.5) lib/active_support/tagged_logging.rb:26:in `tagged'
  activesupport (4.1.5) lib/active_support/tagged_logging.rb:68:in `tagged'
  railties (4.1.5) lib/rails/rack/logger.rb:20:in `call'
  actionpack (4.1.5) lib/action_dispatch/middleware/request_id.rb:21:in `call'
  rack (1.5.2) lib/rack/methodoverride.rb:21:in `call'
  rack (1.5.2) lib/rack/runtime.rb:17:in `call'
  activesupport (4.1.5) lib/active_support/cache/strategy/local_cache_middleware.rb:26:in `call'
  rack (1.5.2) lib/rack/lock.rb:17:in `call'
  actionpack (4.1.5) lib/action_dispatch/middleware/static.rb:64:in `call'
  rack (1.5.2) lib/rack/sendfile.rb:112:in `call'
  railties (4.1.5) lib/rails/engine.rb:514:in `call'
  railties (4.1.5) lib/rails/application.rb:144:in `call'
  rack (1.5.2) lib/rack/lock.rb:17:in `call'
  rack (1.5.2) lib/rack/content_length.rb:14:in `call'
  rack (1.5.2) lib/rack/handler/webrick.rb:60:in `service'
  /Users/Chloe/.rbenv/versions/2.1.3/lib/ruby/2.1.0/webrick/httpserver.rb:138:in `service'
  /Users/Chloe/.rbenv/versions/2.1.3/lib/ruby/2.1.0/webrick/httpserver.rb:94:in `run'
  /Users/Chloe/.rbenv/versions/2.1.3/lib/ruby/2.1.0/webrick/server.rb:295:in `block in start_thread'



Started POST "/__better_errors/70324546415140/variables" for 127.0.0.1 at 2014-10-21 01:28:50 -0700
  [1m[36m (3.0ms)[0m  [1mCREATE TABLE "schema_migrations" ("version" varchar(255) NOT NULL) [0m
  [1m[35m (0.1ms)[0m  select sqlite_version(*)
  [1m[36m (2.3ms)[0m  [1mCREATE UNIQUE INDEX "unique_schema_migrations" ON "schema_migrations" ("version")[0m
  [1m[35mActiveRecord::SchemaMigration Load (0.2ms)[0m  SELECT "schema_migrations".* FROM "schema_migrations"
Migrating to CreateUsers (20141005163711)
  [1m[36m (0.2ms)[0m  [1mbegin transaction[0m
  [1m[35m (12.4ms)[0m  CREATE TABLE "users" ("id" INTEGER PRIMARY KEY AUTOINCREMENT NOT NULL, "name" varchar(255), "years_old" integer, "created_at" datetime, "updated_at" datetime) 
  [1m[36mSQL (0.6ms)[0m  [1mINSERT INTO "schema_migrations" ("version") VALUES (?)[0m  [["version", "20141005163711"]]
  [1m[35m (3.1ms)[0m  commit transaction
Migrating to RemoveYearsOldFromUsers (20141005182802)
  [1m[36m (0.1ms)[0m  [1mbegin transaction[0m
  [1m[35m (1.3ms)[0m  CREATE TEMPORARY TABLE "ausers" ("id" INTEGER PRIMARY KEY AUTOINCREMENT NOT NULL, "name" varchar(255), "years_old" integer, "created_at" datetime, "updated_at" datetime) 
  [1m[36m (0.1ms)[0m  [1mSELECT * FROM "users"[0m
  [1m[35m (1.0ms)[0m  DROP TABLE "users"
  [1m[36m (0.2ms)[0m  [1mCREATE TABLE "users" ("id" INTEGER PRIMARY KEY AUTOINCREMENT NOT NULL, "name" varchar(255), "created_at" datetime, "updated_at" datetime) [0m
  [1m[35m (0.1ms)[0m  SELECT * FROM "ausers"
  [1m[36m (0.3ms)[0m  [1mDROP TABLE "ausers"[0m
  [1m[35mSQL (0.1ms)[0m  INSERT INTO "schema_migrations" ("version") VALUES (?)  [["version", "20141005182802"]]
  [1m[36m (2.6ms)[0m  [1mcommit transaction[0m
Migrating to AddAgeToUsers (20141005182813)
  [1m[35m (0.1ms)[0m  begin transaction
  [1m[36m (20.7ms)[0m  [1mALTER TABLE "users" ADD "age" integer[0m
  [1m[35mSQL (0.2ms)[0m  INSERT INTO "schema_migrations" ("version") VALUES (?)  [["version", "20141005182813"]]
  [1m[36m (1.9ms)[0m  [1mcommit transaction[0m
Migrating to AddMajorToUsers (20141005183206)
  [1m[35m (0.1ms)[0m  begin transaction
  [1m[36m (0.5ms)[0m  [1mALTER TABLE "users" ADD "major" varchar(255)[0m
  [1m[35mSQL (0.2ms)[0m  INSERT INTO "schema_migrations" ("version") VALUES (?)  [["version", "20141005183206"]]
  [1m[36m (2.4ms)[0m  [1mcommit transaction[0m
  [1m[35mActiveRecord::SchemaMigration Load (0.1ms)[0m  SELECT "schema_migrations".* FROM "schema_migrations"


Started GET "/" for 127.0.0.1 at 2014-10-21 01:30:11 -0700
  [1m[36mActiveRecord::SchemaMigration Load (0.1ms)[0m  [1mSELECT "schema_migrations".* FROM "schema_migrations"[0m
Processing by UsersController#index as HTML
  [1m[35mUser Load (0.2ms)[0m  SELECT "users".* FROM "users"
  Rendered users/index.html.erb within layouts/application (5.8ms)
Completed 200 OK in 3647ms (Views: 3529.1ms | ActiveRecord: 0.2ms)


Started GET "/assets/bootstrap.min.css?body=1" for 127.0.0.1 at 2014-10-21 01:30:16 -0700


Started GET "/assets/application.css?body=1" for 127.0.0.1 at 2014-10-21 01:30:16 -0700


Started GET "/assets/jquery.js?body=1" for 127.0.0.1 at 2014-10-21 01:30:16 -0700


Started GET "/assets/jquery_ujs.js?body=1" for 127.0.0.1 at 2014-10-21 01:30:16 -0700


Started GET "/assets/turbolinks.js?body=1" for 127.0.0.1 at 2014-10-21 01:30:16 -0700


Started GET "/assets/grayscale.js?body=1" for 127.0.0.1 at 2014-10-21 01:30:16 -0700


Started GET "/assets/bootstrap.min.js?body=1" for 127.0.0.1 at 2014-10-21 01:30:16 -0700


Started GET "/assets/application.js?body=1" for 127.0.0.1 at 2014-10-21 01:30:16 -0700


Started GET "/user/new" for 127.0.0.1 at 2014-10-21 01:30:45 -0700
Processing by UsersController#new as HTML
  Rendered users/new.html.erb within layouts/application (35.5ms)
Completed 200 OK in 135ms (Views: 120.8ms | ActiveRecord: 13.0ms)


Started POST "/user/new" for 127.0.0.1 at 2014-10-21 01:30:58 -0700
Processing by UsersController#create as HTML
  Parameters: {"utf8"=>"✓", "authenticity_token"=>"nMsWyJ9oC99iLkeDQjC8gwHLlKdS3DZcEXFEwraE0B8=", "user"=>{"name"=>"Calvin", "age"=>"Klein", "major"=>"Fashion"}, "commit"=>"Create"}
  [1m[36m (0.2ms)[0m  [1mbegin transaction[0m
  [1m[35mSQL (0.5ms)[0m  INSERT INTO "users" ("age", "created_at", "major", "name", "updated_at") VALUES (?, ?, ?, ?, ?)  [["age", 0], ["created_at", "2014-10-21 08:30:58.219842"], ["major", "Fashion"], ["name", "Calvin"], ["updated_at", "2014-10-21 08:30:58.219842"]]
  [1m[36m (120.7ms)[0m  [1mcommit transaction[0m
  [1m[35mUser Load (0.2ms)[0m  SELECT "users".* FROM "users"
  Rendered users/index.html.erb within layouts/application (1.2ms)
Completed 200 OK in 241ms (Views: 77.9ms | ActiveRecord: 121.6ms)


Started GET "/user/1" for 127.0.0.1 at 2014-10-21 01:31:23 -0700
Processing by UsersController#show as HTML
  Parameters: {"id"=>"1"}
  [1m[36mUser Load (0.2ms)[0m  [1mSELECT  "users".* FROM "users"  WHERE "users"."id" = ? LIMIT 1[0m  [["id", 1]]
  Rendered users/show.html.erb within layouts/application (0.7ms)
Completed 200 OK in 79ms (Views: 77.1ms | ActiveRecord: 0.2ms)


Started GET "/" for 127.0.0.1 at 2014-10-21 01:31:28 -0700
Processing by UsersController#index as HTML
  [1m[35mUser Load (0.2ms)[0m  SELECT "users".* FROM "users"
  Rendered users/index.html.erb within layouts/application (1.3ms)
Completed 200 OK in 58ms (Views: 57.4ms | ActiveRecord: 0.2ms)


Started GET "/user/new" for 127.0.0.1 at 2014-10-21 01:31:29 -0700
Processing by UsersController#new as HTML
  Rendered users/new.html.erb within layouts/application (1.0ms)
Completed 200 OK in 48ms (Views: 47.8ms | ActiveRecord: 0.0ms)


Started POST "/user/new" for 127.0.0.1 at 2014-10-21 01:31:44 -0700
Processing by UsersController#create as HTML
  Parameters: {"utf8"=>"✓", "authenticity_token"=>"nMsWyJ9oC99iLkeDQjC8gwHLlKdS3DZcEXFEwraE0B8=", "user"=>{"name"=>"Louise Lavine", "age"=>"20", "major"=>"Math"}, "commit"=>"Create"}
  [1m[36m (0.1ms)[0m  [1mbegin transaction[0m
  [1m[35mSQL (1.0ms)[0m  INSERT INTO "users" ("age", "created_at", "major", "name", "updated_at") VALUES (?, ?, ?, ?, ?)  [["age", 20], ["created_at", "2014-10-21 08:31:44.393602"], ["major", "Math"], ["name", "Louise Lavine"], ["updated_at", "2014-10-21 08:31:44.393602"]]
  [1m[36m (19.9ms)[0m  [1mcommit transaction[0m
  [1m[35mUser Load (0.2ms)[0m  SELECT "users".* FROM "users"
  Rendered users/index.html.erb within layouts/application (1.0ms)
Completed 200 OK in 77ms (Views: 53.6ms | ActiveRecord: 21.1ms)


Started GET "/user/2" for 127.0.0.1 at 2014-10-21 01:31:46 -0700
Processing by UsersController#show as HTML
  Parameters: {"id"=>"2"}
  [1m[36mUser Load (0.1ms)[0m  [1mSELECT  "users".* FROM "users"  WHERE "users"."id" = ? LIMIT 1[0m  [["id", 2]]
  Rendered users/show.html.erb within layouts/application (0.1ms)
Completed 200 OK in 53ms (Views: 51.8ms | ActiveRecord: 0.1ms)


Started GET "/" for 127.0.0.1 at 2014-10-21 01:31:48 -0700
Processing by UsersController#index as HTML
  [1m[35mUser Load (0.2ms)[0m  SELECT "users".* FROM "users"
  Rendered users/index.html.erb within layouts/application (1.0ms)
Completed 200 OK in 48ms (Views: 47.4ms | ActiveRecord: 0.2ms)


Started GET "/user/new" for 127.0.0.1 at 2014-10-21 01:31:56 -0700
Processing by UsersController#new as HTML
  Rendered users/new.html.erb within layouts/application (1.2ms)
Completed 200 OK in 58ms (Views: 57.0ms | ActiveRecord: 0.0ms)


Started POST "/user/new" for 127.0.0.1 at 2014-10-21 01:32:19 -0700
Processing by UsersController#create as HTML
  Parameters: {"utf8"=>"✓", "authenticity_token"=>"nMsWyJ9oC99iLkeDQjC8gwHLlKdS3DZcEXFEwraE0B8=", "user"=>{"name"=>"Gregoire", "age"=>"Clarks", "major"=>"CS"}, "commit"=>"Create"}
  [1m[36m (0.2ms)[0m  [1mbegin transaction[0m
  [1m[35mSQL (0.4ms)[0m  INSERT INTO "users" ("age", "created_at", "major", "name", "updated_at") VALUES (?, ?, ?, ?, ?)  [["age", 0], ["created_at", "2014-10-21 08:32:19.755983"], ["major", "CS"], ["name", "Gregoire"], ["updated_at", "2014-10-21 08:32:19.755983"]]
  [1m[36m (2.0ms)[0m  [1mcommit transaction[0m
  [1m[35mUser Load (0.2ms)[0m  SELECT "users".* FROM "users"
  Rendered users/index.html.erb within layouts/application (1.0ms)
Completed 200 OK in 62ms (Views: 56.5ms | ActiveRecord: 2.7ms)


Started GET "/user/new" for 127.0.0.1 at 2014-10-21 01:32:23 -0700
Processing by UsersController#new as HTML
  Rendered users/new.html.erb within layouts/application (1.9ms)
Completed 200 OK in 59ms (Views: 58.3ms | ActiveRecord: 0.0ms)


Started POST "/user/new" for 127.0.0.1 at 2014-10-21 01:32:46 -0700
Processing by UsersController#create as HTML
  Parameters: {"utf8"=>"✓", "authenticity_token"=>"nMsWyJ9oC99iLkeDQjC8gwHLlKdS3DZcEXFEwraE0B8=", "user"=>{"name"=>"Lauren Rose", "age"=>"21", "major"=>"English"}, "commit"=>"Create"}
  [1m[36m (0.1ms)[0m  [1mbegin transaction[0m
  [1m[35mSQL (0.3ms)[0m  INSERT INTO "users" ("age", "created_at", "major", "name", "updated_at") VALUES (?, ?, ?, ?, ?)  [["age", 21], ["created_at", "2014-10-21 08:32:46.570711"], ["major", "English"], ["name", "Lauren Rose"], ["updated_at", "2014-10-21 08:32:46.570711"]]
  [1m[36m (40.4ms)[0m  [1mcommit transaction[0m
  [1m[35mUser Load (0.2ms)[0m  SELECT "users".* FROM "users"
  Rendered users/index.html.erb within layouts/application (1.1ms)
Completed 200 OK in 97ms (Views: 54.3ms | ActiveRecord: 40.9ms)


Started GET "/library" for 127.0.0.1 at 2014-10-21 01:35:35 -0700

ActionController::RoutingError (No route matches [GET] "/library"):
  actionpack (4.1.5) lib/action_dispatch/middleware/debug_exceptions.rb:21:in `call'
  actionpack (4.1.5) lib/action_dispatch/middleware/show_exceptions.rb:30:in `call'
  railties (4.1.5) lib/rails/rack/logger.rb:38:in `call_app'
  railties (4.1.5) lib/rails/rack/logger.rb:20:in `block in call'
  activesupport (4.1.5) lib/active_support/tagged_logging.rb:68:in `block in tagged'
  activesupport (4.1.5) lib/active_support/tagged_logging.rb:26:in `tagged'
  activesupport (4.1.5) lib/active_support/tagged_logging.rb:68:in `tagged'
  railties (4.1.5) lib/rails/rack/logger.rb:20:in `call'
  actionpack (4.1.5) lib/action_dispatch/middleware/request_id.rb:21:in `call'
  rack (1.5.2) lib/rack/methodoverride.rb:21:in `call'
  rack (1.5.2) lib/rack/runtime.rb:17:in `call'
  activesupport (4.1.5) lib/active_support/cache/strategy/local_cache_middleware.rb:26:in `call'
  rack (1.5.2) lib/rack/lock.rb:17:in `call'
  actionpack (4.1.5) lib/action_dispatch/middleware/static.rb:64:in `call'
  rack (1.5.2) lib/rack/sendfile.rb:112:in `call'
  railties (4.1.5) lib/rails/engine.rb:514:in `call'
  railties (4.1.5) lib/rails/application.rb:144:in `call'
  rack (1.5.2) lib/rack/lock.rb:17:in `call'
  rack (1.5.2) lib/rack/content_length.rb:14:in `call'
  rack (1.5.2) lib/rack/handler/webrick.rb:60:in `service'
  /Users/Chloe/.rbenv/versions/2.1.3/lib/ruby/2.1.0/webrick/httpserver.rb:138:in `service'
  /Users/Chloe/.rbenv/versions/2.1.3/lib/ruby/2.1.0/webrick/httpserver.rb:94:in `run'
  /Users/Chloe/.rbenv/versions/2.1.3/lib/ruby/2.1.0/webrick/server.rb:295:in `block in start_thread'


  Rendered /Users/Chloe/.rbenv/versions/2.1.3/lib/ruby/gems/2.1.0/gems/actionpack-4.1.5/lib/action_dispatch/middleware/templates/rescues/_trace.html.erb (1.9ms)
  Rendered /Users/Chloe/.rbenv/versions/2.1.3/lib/ruby/gems/2.1.0/gems/actionpack-4.1.5/lib/action_dispatch/middleware/templates/routes/_route.html.erb (1.4ms)
  Rendered /Users/Chloe/.rbenv/versions/2.1.3/lib/ruby/gems/2.1.0/gems/actionpack-4.1.5/lib/action_dispatch/middleware/templates/routes/_table.html.erb (3.4ms)
  Rendered /Users/Chloe/.rbenv/versions/2.1.3/lib/ruby/gems/2.1.0/gems/actionpack-4.1.5/lib/action_dispatch/middleware/templates/rescues/routing_error.html.erb within rescues/layout (171.4ms)


Started GET "/books" for 127.0.0.1 at 2014-10-21 01:35:42 -0700

ActionController::RoutingError (No route matches [GET] "/books"):
  actionpack (4.1.5) lib/action_dispatch/middleware/debug_exceptions.rb:21:in `call'
  actionpack (4.1.5) lib/action_dispatch/middleware/show_exceptions.rb:30:in `call'
  railties (4.1.5) lib/rails/rack/logger.rb:38:in `call_app'
  railties (4.1.5) lib/rails/rack/logger.rb:20:in `block in call'
  activesupport (4.1.5) lib/active_support/tagged_logging.rb:68:in `block in tagged'
  activesupport (4.1.5) lib/active_support/tagged_logging.rb:26:in `tagged'
  activesupport (4.1.5) lib/active_support/tagged_logging.rb:68:in `tagged'
  railties (4.1.5) lib/rails/rack/logger.rb:20:in `call'
  actionpack (4.1.5) lib/action_dispatch/middleware/request_id.rb:21:in `call'
  rack (1.5.2) lib/rack/methodoverride.rb:21:in `call'
  rack (1.5.2) lib/rack/runtime.rb:17:in `call'
  activesupport (4.1.5) lib/active_support/cache/strategy/local_cache_middleware.rb:26:in `call'
  rack (1.5.2) lib/rack/lock.rb:17:in `call'
  actionpack (4.1.5) lib/action_dispatch/middleware/static.rb:64:in `call'
  rack (1.5.2) lib/rack/sendfile.rb:112:in `call'
  railties (4.1.5) lib/rails/engine.rb:514:in `call'
  railties (4.1.5) lib/rails/application.rb:144:in `call'
  rack (1.5.2) lib/rack/lock.rb:17:in `call'
  rack (1.5.2) lib/rack/content_length.rb:14:in `call'
  rack (1.5.2) lib/rack/handler/webrick.rb:60:in `service'
  /Users/Chloe/.rbenv/versions/2.1.3/lib/ruby/2.1.0/webrick/httpserver.rb:138:in `service'
  /Users/Chloe/.rbenv/versions/2.1.3/lib/ruby/2.1.0/webrick/httpserver.rb:94:in `run'
  /Users/Chloe/.rbenv/versions/2.1.3/lib/ruby/2.1.0/webrick/server.rb:295:in `block in start_thread'


  Rendered /Users/Chloe/.rbenv/versions/2.1.3/lib/ruby/gems/2.1.0/gems/actionpack-4.1.5/lib/action_dispatch/middleware/templates/rescues/_trace.html.erb (1.3ms)
  Rendered /Users/Chloe/.rbenv/versions/2.1.3/lib/ruby/gems/2.1.0/gems/actionpack-4.1.5/lib/action_dispatch/middleware/templates/routes/_route.html.erb (1.4ms)
  Rendered /Users/Chloe/.rbenv/versions/2.1.3/lib/ruby/gems/2.1.0/gems/actionpack-4.1.5/lib/action_dispatch/middleware/templates/routes/_table.html.erb (1.0ms)
  Rendered /Users/Chloe/.rbenv/versions/2.1.3/lib/ruby/gems/2.1.0/gems/actionpack-4.1.5/lib/action_dispatch/middleware/templates/rescues/routing_error.html.erb within rescues/layout (18.6ms)


Started GET "/" for 127.0.0.1 at 2014-10-21 01:53:15 -0700
  [1m[36mActiveRecord::SchemaMigration Load (5.3ms)[0m  [1mSELECT "schema_migrations".* FROM "schema_migrations"[0m
Processing by UsersController#index as HTML
  [1m[35mUser Load (14.0ms)[0m  SELECT "users".* FROM "users"
  Rendered users/index.html.erb within layouts/application (23.1ms)
Completed 200 OK in 301ms (Views: 268.1ms | ActiveRecord: 14.4ms)


Started GET "/assets/grayscale.js?body=1" for 127.0.0.1 at 2014-10-21 01:53:16 -0700


Started GET "/assets/bootstrap.min.css?body=1" for 127.0.0.1 at 2014-10-21 01:53:16 -0700


Started GET "/assets/bootstrap.min.js?body=1" for 127.0.0.1 at 2014-10-21 01:53:16 -0700


Started GET "/assets/application.css?body=1" for 127.0.0.1 at 2014-10-21 01:53:16 -0700


Started GET "/assets/jquery.js?body=1" for 127.0.0.1 at 2014-10-21 01:53:16 -0700


Started GET "/assets/jquery_ujs.js?body=1" for 127.0.0.1 at 2014-10-21 01:53:16 -0700


Started GET "/assets/turbolinks.js?body=1" for 127.0.0.1 at 2014-10-21 01:53:16 -0700


Started GET "/assets/application.js?body=1" for 127.0.0.1 at 2014-10-21 01:53:16 -0700
